["INFO" - 09:47:53] Extension Name: esbenp.prettier-vscode.
["INFO" - 09:47:53] Extension Version: 10.4.0.
["INFO" - 09:57:07] Formatting vscode-userdata:/home/ronit/.config/VSCodium/User/settings.json
["INFO" - 09:57:07] PrettierInstance:
{
  "modulePath": "/home/ronit/node_modules/prettier/index.cjs",
  "importResolver": {},
  "callMethodResolvers": {},
  "currentCallMethodId": 2,
  "version": "3.3.3"
}
["INFO" - 09:57:07] File Info:
{
  "ignored": false,
  "inferredParser": "json"
}
["INFO" - 09:57:07] No local configuration (i.e. .prettierrc or .editorconfig) detected, falling back to VS Code configuration
["INFO" - 09:57:07] Prettier Options:
{
  "arrowParens": "always",
  "bracketSpacing": true,
  "endOfLine": "lf",
  "htmlWhitespaceSensitivity": "css",
  "insertPragma": false,
  "singleAttributePerLine": false,
  "bracketSameLine": false,
  "jsxBracketSameLine": false,
  "jsxSingleQuote": false,
  "printWidth": 80,
  "proseWrap": "preserve",
  "quoteProps": "as-needed",
  "requirePragma": false,
  "semi": true,
  "singleQuote": false,
  "tabWidth": 2,
  "trailingComma": "es5",
  "useTabs": false,
  "embeddedLanguageFormatting": "auto",
  "vueIndentScriptAndStyle": false,
  "filepath": "/home/ronit/.config/VSCodium/User/settings.json",
  "parser": "json"
}
["INFO" - 09:57:07] Formatting completed in 130ms.
