2024-07-24 09:59:21.005 [info] Log level: Info
2024-07-24 09:59:21.005 [info] Validating found git in: "git"
2024-07-24 09:59:21.005 [info] Using git "2.45.2" from "git"
2024-07-24 09:59:21.005 [info] > git rev-parse --show-toplevel [3ms]
2024-07-24 09:59:21.005 [info] fatal: not a git repository (or any of the parent directories): .git
2024-07-24 09:59:21.005 [info] > git rev-parse --show-toplevel [3ms]
2024-07-24 09:59:21.005 [info] fatal: not a git repository (or any of the parent directories): .git
2024-07-24 09:59:21.006 [info] > git rev-parse --show-toplevel [2ms]
2024-07-24 09:59:21.006 [info] fatal: not a git repository (or any of the parent directories): .git
2024-07-24 09:59:21.024 [info] > git rev-parse --show-toplevel [2ms]
2024-07-24 09:59:21.024 [info] fatal: not a git repository (or any of the parent directories): .git
2024-07-24 09:59:21.263 [info] > git rev-parse --show-toplevel [64ms]
2024-07-24 09:59:21.263 [info] fatal: not a git repository (or any of the parent directories): .git
2024-07-24 09:59:21.272 [info] > git rev-parse --show-toplevel [1ms]
2024-07-24 09:59:21.272 [info] fatal: not a git repository (or any of the parent directories): .git
2024-07-24 09:59:21.281 [info] > git rev-parse --show-toplevel [1ms]
2024-07-24 09:59:21.281 [info] fatal: not a git repository (or any of the parent directories): .git
2024-07-24 09:59:21.294 [info] > git rev-parse --show-toplevel [7ms]
2024-07-24 09:59:21.294 [info] fatal: not a git repository (or any of the parent directories): .git
2024-07-24 09:59:21.311 [info] > git rev-parse --show-toplevel [5ms]
2024-07-24 09:59:21.311 [info] fatal: not a git repository (or any of the parent directories): .git
2024-07-24 09:59:21.327 [info] > git rev-parse --show-toplevel [3ms]
2024-07-24 09:59:21.327 [info] fatal: not a git repository (or any of the parent directories): .git
2024-07-24 09:59:21.337 [info] > git rev-parse --show-toplevel [3ms]
2024-07-24 09:59:21.337 [info] fatal: not a git repository (or any of the parent directories): .git
2024-07-24 09:59:21.347 [info] > git rev-parse --show-toplevel [3ms]
2024-07-24 09:59:21.347 [info] fatal: not a git repository (or any of the parent directories): .git
2024-07-24 09:59:21.354 [info] > git rev-parse --show-toplevel [1ms]
2024-07-24 09:59:21.354 [info] fatal: not a git repository (or any of the parent directories): .git
2024-07-24 09:59:21.362 [info] > git rev-parse --show-toplevel [1ms]
2024-07-24 09:59:21.362 [info] fatal: not a git repository (or any of the parent directories): .git
2024-07-24 09:59:21.371 [info] > git rev-parse --show-toplevel [2ms]
2024-07-24 09:59:21.371 [info] fatal: not a git repository (or any of the parent directories): .git
2024-07-24 09:59:21.431 [info] > git rev-parse --show-toplevel [3ms]
2024-07-24 09:59:21.431 [info] fatal: not a git repository (or any of the parent directories): .git
2024-07-24 09:59:21.990 [info] > git rev-parse --show-toplevel [2ms]
2024-07-24 09:59:21.990 [info] fatal: not a git repository (or any of the parent directories): .git
2024-07-24 09:59:23.653 [info] > git rev-parse --show-toplevel [4ms]
2024-07-24 09:59:23.653 [info] fatal: not a git repository (or any of the parent directories): .git
2024-07-24 09:59:24.534 [info] > git rev-parse --show-toplevel [1ms]
2024-07-24 09:59:24.535 [info] fatal: not a git repository (or any of the parent directories): .git
2024-07-24 10:01:42.037 [info] Log level: Info
2024-07-24 10:01:42.037 [info] Validating found git in: "git"
2024-07-24 10:01:42.037 [info] Using git "2.45.2" from "git"
2024-07-24 10:01:42.037 [info] > git rev-parse --show-toplevel [14ms]
2024-07-24 10:01:42.037 [info] fatal: not a git repository (or any of the parent directories): .git
2024-07-24 10:01:44.040 [info] > git rev-parse --show-toplevel [4ms]
2024-07-24 10:01:44.040 [info] fatal: not a git repository (or any of the parent directories): .git
2024-07-24 10:01:45.877 [info] Log level: Info
2024-07-24 10:01:45.877 [info] Validating found git in: "git"
2024-07-24 10:01:45.877 [info] Using git "2.45.2" from "git"
2024-07-24 10:01:45.877 [info] > git rev-parse --show-toplevel [10ms]
2024-07-24 10:01:45.877 [info] fatal: not a git repository (or any of the parent directories): .git
2024-07-24 10:01:45.930 [info] > git rev-parse --show-toplevel [49ms]
2024-07-24 10:01:45.930 [info] fatal: not a git repository (or any of the parent directories): .git
2024-07-24 10:01:45.944 [info] > git rev-parse --show-toplevel [5ms]
2024-07-24 10:01:45.944 [info] fatal: not a git repository (or any of the parent directories): .git
2024-07-24 10:01:54.375 [info] > git rev-parse --show-toplevel [6ms]
2024-07-24 10:01:54.375 [info] fatal: not a git repository (or any of the parent directories): .git
2024-07-24 10:05:49.174 [info] > git rev-parse --show-toplevel [2ms]
2024-07-24 10:05:49.174 [info] fatal: not a git repository (or any of the parent directories): .git
2024-07-24 10:05:51.789 [info] > git rev-parse --show-toplevel [6ms]
2024-07-24 10:05:51.789 [info] fatal: not a git repository (or any of the parent directories): .git
2024-07-24 10:05:53.801 [info] > git rev-parse --show-toplevel [9ms]
2024-07-24 10:05:53.802 [info] fatal: not a git repository (or any of the parent directories): .git
2024-07-24 10:05:56.019 [info] > git rev-parse --show-toplevel [6ms]
2024-07-24 10:05:56.020 [info] fatal: not a git repository (or any of the parent directories): .git
2024-07-24 10:05:58.379 [info] > git rev-parse --show-toplevel [4ms]
2024-07-24 10:05:58.379 [info] fatal: not a git repository (or any of the parent directories): .git
2024-07-24 10:05:59.083 [info] > git rev-parse --show-toplevel [11ms]
2024-07-24 10:05:59.083 [info] fatal: not a git repository (or any of the parent directories): .git
2024-07-24 10:06:00.213 [info] > git rev-parse --show-toplevel [2ms]
2024-07-24 10:06:00.213 [info] fatal: not a git repository (or any of the parent directories): .git
2024-07-24 10:06:46.385 [info] > git rev-parse --show-toplevel [5ms]
2024-07-24 10:06:46.385 [info] fatal: not a git repository (or any of the parent directories): .git
2024-07-24 10:07:26.535 [info] > git rev-parse --show-toplevel [2ms]
2024-07-24 10:07:26.535 [info] fatal: not a git repository (or any of the parent directories): .git
2024-07-24 10:07:46.954 [info] > git rev-parse --show-toplevel [3ms]
2024-07-24 10:07:46.954 [info] fatal: not a git repository (or any of the parent directories): .git
2024-07-24 10:08:00.262 [info] > git rev-parse --show-toplevel [1ms]
2024-07-24 10:08:00.262 [info] fatal: not a git repository (or any of the parent directories): .git
2024-07-24 10:08:17.287 [info] > git rev-parse --show-toplevel [1ms]
2024-07-24 10:08:17.287 [info] fatal: not a git repository (or any of the parent directories): .git
2024-07-24 10:08:30.122 [info] > git rev-parse --show-toplevel [3ms]
2024-07-24 10:08:30.122 [info] fatal: not a git repository (or any of the parent directories): .git
2024-07-24 10:08:36.840 [info] > git rev-parse --show-toplevel [2ms]
2024-07-24 10:08:36.840 [info] fatal: not a git repository (or any of the parent directories): .git
2024-07-24 10:08:42.522 [info] > git rev-parse --show-toplevel [2ms]
2024-07-24 10:08:42.522 [info] fatal: not a git repository (or any of the parent directories): .git
2024-07-24 10:08:44.515 [info] Log level: Info
2024-07-24 10:08:44.515 [info] Validating found git in: "git"
2024-07-24 10:08:44.515 [info] Using git "2.45.2" from "git"
2024-07-24 10:08:44.515 [info] > git rev-parse --show-toplevel [9ms]
2024-07-24 10:08:44.515 [info] fatal: not a git repository (or any of the parent directories): .git
2024-07-24 10:08:48.257 [info] Log level: Info
2024-07-24 10:08:48.257 [info] Validating found git in: "git"
2024-07-24 10:08:48.257 [info] Using git "2.45.2" from "git"
2024-07-24 10:08:48.257 [info] > git rev-parse --show-toplevel [58ms]
2024-07-24 10:08:48.257 [info] fatal: not a git repository (or any of the parent directories): .git
2024-07-24 10:08:48.336 [info] > git rev-parse --show-toplevel [72ms]
2024-07-24 10:08:48.336 [info] fatal: not a git repository (or any of the parent directories): .git
2024-07-24 10:08:50.364 [info] > git rev-parse --show-toplevel [5ms]
2024-07-24 10:08:50.364 [info] fatal: not a git repository (or any of the parent directories): .git
2024-07-24 10:08:57.957 [info] > git rev-parse --show-toplevel [3ms]
2024-07-24 10:08:57.958 [info] fatal: not a git repository (or any of the parent directories): .git
2024-07-24 10:10:35.317 [info] > git rev-parse --show-toplevel [9ms]
2024-07-24 10:10:35.317 [info] fatal: not a git repository (or any of the parent directories): .git
2024-07-24 10:10:36.275 [info] > git rev-parse --show-toplevel [2ms]
2024-07-24 10:10:36.275 [info] fatal: not a git repository (or any of the parent directories): .git
2024-07-24 10:10:37.221 [info] > git rev-parse --show-toplevel [3ms]
2024-07-24 10:10:37.221 [info] fatal: not a git repository (or any of the parent directories): .git
2024-07-24 10:10:37.599 [info] > git rev-parse --show-toplevel [3ms]
2024-07-24 10:10:37.599 [info] fatal: not a git repository (or any of the parent directories): .git
2024-07-24 10:10:39.858 [info] > git rev-parse --show-toplevel [3ms]
2024-07-24 10:10:39.858 [info] fatal: not a git repository (or any of the parent directories): .git
2024-07-24 10:10:46.263 [info] > git rev-parse --show-toplevel [3ms]
2024-07-24 10:10:46.263 [info] fatal: not a git repository (or any of the parent directories): .git
2024-07-24 10:10:58.559 [info] > git rev-parse --show-toplevel [2ms]
2024-07-24 10:10:58.559 [info] fatal: not a git repository (or any of the parent directories): .git
2024-07-24 10:11:01.573 [info] > git rev-parse --show-toplevel [8ms]
2024-07-24 10:11:01.573 [info] fatal: not a git repository (or any of the parent directories): .git
2024-07-24 10:11:03.956 [info] > git rev-parse --show-toplevel [5ms]
2024-07-24 10:11:03.956 [info] fatal: not a git repository (or any of the parent directories): .git
2024-07-24 10:11:13.706 [info] > git rev-parse --show-toplevel [2ms]
2024-07-24 10:11:13.706 [info] fatal: not a git repository (or any of the parent directories): .git
2024-07-24 10:11:13.901 [info] > git rev-parse --show-toplevel [3ms]
2024-07-24 10:11:13.901 [info] fatal: not a git repository (or any of the parent directories): .git
2024-07-24 10:11:32.699 [info] > git rev-parse --show-toplevel [3ms]
2024-07-24 10:11:32.699 [info] fatal: not a git repository (or any of the parent directories): .git
2024-07-24 10:11:33.460 [info] > git rev-parse --show-toplevel [6ms]
2024-07-24 10:11:33.460 [info] fatal: not a git repository (or any of the parent directories): .git
2024-07-24 10:12:02.136 [info] > git rev-parse --show-toplevel [3ms]
2024-07-24 10:12:02.136 [info] fatal: not a git repository (or any of the parent directories): .git
2024-07-24 10:13:19.026 [info] > git rev-parse --show-toplevel [2ms]
2024-07-24 10:13:19.026 [info] fatal: not a git repository (or any of the parent directories): .git
2024-07-24 10:13:19.323 [info] > git rev-parse --show-toplevel [5ms]
2024-07-24 10:13:19.323 [info] fatal: not a git repository (or any of the parent directories): .git
2024-07-24 10:13:38.419 [info] > git rev-parse --show-toplevel [3ms]
2024-07-24 10:13:38.419 [info] fatal: not a git repository (or any of the parent directories): .git
2024-07-24 10:13:41.879 [info] > git rev-parse --show-toplevel [5ms]
2024-07-24 10:13:41.879 [info] fatal: not a git repository (or any of the parent directories): .git
2024-07-24 10:14:03.208 [info] > git rev-parse --show-toplevel [3ms]
2024-07-24 10:14:03.208 [info] fatal: not a git repository (or any of the parent directories): .git
2024-07-24 10:15:16.047 [info] > git rev-parse --show-toplevel [3ms]
2024-07-24 10:15:16.047 [info] fatal: not a git repository (or any of the parent directories): .git
2024-07-24 10:17:08.292 [info] > git rev-parse --show-toplevel [2ms]
2024-07-24 10:17:08.292 [info] fatal: not a git repository (or any of the parent directories): .git
2024-07-24 10:17:09.861 [info] > git rev-parse --show-toplevel [3ms]
2024-07-24 10:17:09.861 [info] fatal: not a git repository (or any of the parent directories): .git
2024-07-24 10:17:11.103 [info] > git rev-parse --show-toplevel [5ms]
2024-07-24 10:17:11.103 [info] fatal: not a git repository (or any of the parent directories): .git
2024-07-24 10:17:14.270 [info] > git rev-parse --show-toplevel [1ms]
2024-07-24 10:17:14.270 [info] fatal: not a git repository (or any of the parent directories): .git
2024-07-24 10:18:30.154 [info] > git rev-parse --show-toplevel [12ms]
2024-07-24 10:18:30.154 [info] fatal: not a git repository (or any of the parent directories): .git
2024-07-24 10:24:47.775 [info] > git rev-parse --show-toplevel [2ms]
2024-07-24 10:24:47.775 [info] fatal: not a git repository (or any of the parent directories): .git
2024-07-24 10:33:48.257 [info] > git rev-parse --show-toplevel [2ms]
2024-07-24 10:33:48.257 [info] fatal: not a git repository (or any of the parent directories): .git
2024-07-24 10:34:37.363 [info] > git rev-parse --show-toplevel [4ms]
2024-07-24 10:34:37.363 [info] fatal: not a git repository (or any of the parent directories): .git
2024-07-24 10:34:37.401 [info] > git rev-parse --show-toplevel [3ms]
2024-07-24 10:34:37.401 [info] fatal: not a git repository (or any of the parent directories): .git
2024-07-24 10:34:43.514 [info] > git rev-parse --show-toplevel [2ms]
2024-07-24 10:34:43.514 [info] fatal: not a git repository (or any of the parent directories): .git
2024-07-24 10:35:11.843 [info] > git rev-parse --show-toplevel [2ms]
2024-07-24 10:35:11.844 [info] fatal: not a git repository (or any of the parent directories): .git
2024-07-24 10:41:58.583 [info] > git rev-parse --show-toplevel [1ms]
2024-07-24 10:41:58.583 [info] fatal: not a git repository (or any of the parent directories): .git
