2024-10-19 16:37:43.274 [info] Extension host with pid 31195 started
2024-10-19 16:37:43.274 [info] Skipping acquiring lock for /home/ronit/.config/VSCodium/User/workspaceStorage/dd4a4e297cf6e7d5ebc129599cd73bea.
2024-10-19 16:37:43.869 [info] ExtensionService#_doActivateExtension vscode.emmet, startup: false, activationEvent: 'onLanguage'
2024-10-19 16:37:43.908 [info] ExtensionService#_doActivateExtension ms-vscode.cpptools, startup: false, activationEvent: 'onLanguage:cpp'
2024-10-19 16:37:44.768 [info] ExtensionService#_doActivateExtension vscode.git-base, startup: true, activationEvent: '*', root cause: vscode.git
2024-10-19 16:37:44.770 [info] ExtensionService#_doActivateExtension dlasagno.wal-theme, startup: true, activationEvent: '*'
2024-10-19 16:37:44.881 [info] ExtensionService#_doActivateExtension vscode.git, startup: true, activationEvent: '*'
2024-10-19 16:37:45.019 [info] ExtensionService#_doActivateExtension vscode.github, startup: true, activationEvent: '*'
2024-10-19 16:37:45.165 [info] Eager extensions activated
2024-10-19 16:37:45.252 [info] ExtensionService#_doActivateExtension vscode.debug-auto-launch, startup: false, activationEvent: 'onStartupFinished'
2024-10-19 16:37:45.272 [info] ExtensionService#_doActivateExtension vscode.merge-conflict, startup: false, activationEvent: 'onStartupFinished'
2024-10-19 16:37:45.337 [info] ExtensionService#_doActivateExtension esbenp.prettier-vscode, startup: false, activationEvent: 'onStartupFinished'
2024-10-19 16:37:45.552 [info] ExtensionService#_doActivateExtension formulahendry.code-runner, startup: false, activationEvent: 'onStartupFinished'
2024-10-19 16:37:51.442 [info] Extension host terminating: renderer closed the MessagePort
2024-10-19 16:37:53.464 [error] Error: Stopping the server timed out
	at /home/ronit/.vscode-oss/extensions/ms-vscode.cpptools-1.21.2/dist/src/main.js:95847:23
	at async Object.deactivate (/home/ronit/.vscode-oss/extensions/ms-vscode.cpptools-1.21.2/dist/src/main.js:116288:5)
	at async Promise.all (index 9)
	at async hW._deactivateAll (file:///opt/vscodium-bin/resources/app/out/vs/workbench/api/node/extensionHostProcess.js:118:12039)
2024-10-19 16:37:53.465 [info] Extension host with pid 31195 exiting with code 0
