2024-07-23 14:28:57.376 [info] Log level: Info
2024-07-23 14:28:57.376 [info] Validating found git in: "git"
2024-07-23 14:28:57.376 [info] Using git "2.45.2" from "git"
2024-07-23 14:28:57.376 [info] > git rev-parse --show-toplevel [21ms]
2024-07-23 14:28:57.376 [info] fatal: not a git repository (or any of the parent directories): .git
2024-07-23 14:28:57.376 [info] > git rev-parse --show-toplevel [65ms]
2024-07-23 14:28:57.376 [info] fatal: not a git repository (or any of the parent directories): .git
2024-07-23 14:28:57.378 [info] > git rev-parse --show-toplevel [72ms]
2024-07-23 14:28:57.378 [info] fatal: not a git repository (or any of the parent directories): .git
2024-07-23 14:28:57.659 [info] > git rev-parse --show-toplevel [11ms]
2024-07-23 14:28:57.659 [info] fatal: not a git repository (or any of the parent directories): .git
2024-07-23 14:29:01.111 [info] Log level: Info
2024-07-23 14:29:01.111 [info] Validating found git in: "git"
2024-07-23 14:29:01.111 [info] Using git "2.45.2" from "git"
2024-07-23 14:29:01.111 [info] > git rev-parse --show-toplevel [9ms]
2024-07-23 14:29:01.111 [info] fatal: not a git repository (or any of the parent directories): .git
2024-07-23 14:29:17.986 [info] > git rev-parse --show-toplevel [43ms]
2024-07-23 14:29:18.940 [info] Log level: Info
2024-07-23 14:29:18.940 [info] Validating found git in: "git"
2024-07-23 14:29:18.940 [info] Using git "2.45.2" from "git"
2024-07-23 14:29:18.940 [info] > git rev-parse --show-toplevel [12ms]
2024-07-23 14:29:18.995 [info] > git rev-parse --git-dir --git-common-dir [9ms]
2024-07-23 14:29:19.013 [info] Open repository: /home/ronit/.config/waybar/waybar-mediaplayer
2024-07-23 14:29:19.041 [info] > git rev-parse --show-toplevel [5ms]
2024-07-23 14:29:19.041 [info] fatal: not a git repository (or any of the parent directories): .git
2024-07-23 14:29:19.042 [info] > git config --get commit.template [16ms]
2024-07-23 14:29:19.068 [info] > git rev-parse --show-toplevel [17ms]
2024-07-23 14:29:19.085 [info] > git rev-parse --show-toplevel [3ms]
2024-07-23 14:29:19.086 [info] > git for-each-ref --format=%(refname)%00%(upstream:short)%00%(objectname)%00%(upstream:track)%00%(upstream:remotename)%00%(upstream:remoteref) refs/heads/master refs/remotes/master [22ms]
2024-07-23 14:29:19.101 [warning] ENOENT: no such file or directory, open '/home/ronit/.config/waybar/waybar-mediaplayer/.git/refs/remotes/origin/master'
2024-07-23 14:29:19.105 [info] > git rev-parse refs/remotes/origin/master [5ms]
2024-07-23 14:29:19.112 [info] > git rev-parse --show-toplevel [18ms]
2024-07-23 14:29:19.124 [info] > git status -z -uall [13ms]
2024-07-23 14:29:19.154 [info] > git for-each-ref --format=%(refname)%00%(upstream:short)%00%(objectname)%00%(upstream:track)%00%(upstream:remotename)%00%(upstream:remoteref) refs/heads/master refs/remotes/master [20ms]
2024-07-23 14:29:19.164 [info] > git config --get commit.template [11ms]
2024-07-23 14:29:19.165 [info] > git config --local branch.master.vscode-merge-base [2ms]
2024-07-23 14:29:19.165 [warning] git config failed: Failed to execute git
2024-07-23 14:29:19.180 [info] > git reflog master --grep-reflog=branch: Created from *. [8ms]
2024-07-23 14:29:19.217 [info] > git symbolic-ref --short refs/remotes/origin/HEAD [33ms]
2024-07-23 14:29:19.221 [info] > git for-each-ref --format=%(refname)%00%(upstream:short)%00%(objectname)%00%(upstream:track)%00%(upstream:remotename)%00%(upstream:remoteref) refs/heads/master refs/remotes/master [43ms]
2024-07-23 14:29:19.229 [warning] ENOENT: no such file or directory, open '/home/ronit/.config/waybar/waybar-mediaplayer/.git/refs/remotes/origin/master'
2024-07-23 14:29:19.229 [info] > git for-each-ref --format=%(refname)%00%(upstream:short)%00%(objectname)%00%(upstream:track)%00%(upstream:remotename)%00%(upstream:remoteref) refs/heads/origin/master refs/remotes/origin/master [8ms]
2024-07-23 14:29:19.239 [info] > git config --local branch.master.vscode-merge-base origin/master [5ms]
2024-07-23 14:29:19.240 [info] > git rev-parse refs/remotes/origin/master [11ms]
2024-07-23 14:29:19.248 [info] > git config --get commit.template [2ms]
2024-07-23 14:29:19.260 [info] > git for-each-ref --format=%(refname)%00%(upstream:short)%00%(objectname)%00%(upstream:track)%00%(upstream:remotename)%00%(upstream:remoteref) refs/heads/master refs/remotes/master [2ms]
2024-07-23 14:29:19.267 [warning] ENOENT: no such file or directory, open '/home/ronit/.config/waybar/waybar-mediaplayer/.git/refs/remotes/origin/master'
2024-07-23 14:29:19.269 [info] > git rev-parse refs/remotes/origin/master [2ms]
2024-07-23 14:29:19.281 [info] > git status -z -uall [7ms]
2024-07-23 14:29:19.295 [info] > git for-each-ref --format=%(refname)%00%(upstream:short)%00%(objectname)%00%(upstream:track)%00%(upstream:remotename)%00%(upstream:remoteref) refs/heads/master refs/remotes/master [7ms]
2024-07-23 14:29:19.301 [info] > git merge-base refs/heads/master refs/remotes/origin/master [7ms]
2024-07-23 14:29:19.308 [info] > git config --local branch.master.vscode-merge-base [8ms]
2024-07-23 14:29:19.318 [info] > git rev-list --count --left-right refs/heads/master...refs/remotes/origin/master [11ms]
2024-07-23 14:29:19.325 [info] > git diff --name-status -z --diff-filter=ADMR 2fefeea0ac2851acd331e5c28a70949ee9d5bf78...refs/remotes/origin/master [3ms]
2024-07-23 14:29:19.326 [info] > git for-each-ref --format=%(refname)%00%(upstream:short)%00%(objectname)%00%(upstream:track)%00%(upstream:remotename)%00%(upstream:remoteref) refs/heads/origin/master refs/remotes/origin/master [9ms]
2024-07-23 14:29:19.726 [info] > git check-ignore -v -z --stdin [2ms]
2024-07-23 14:29:20.341 [info] > git config --get commit.template [7ms]
2024-07-23 14:29:20.342 [info] > git for-each-ref --format=%(refname)%00%(upstream:short)%00%(objectname)%00%(upstream:track)%00%(upstream:remotename)%00%(upstream:remoteref) refs/heads/master refs/remotes/master [2ms]
2024-07-23 14:29:20.347 [warning] ENOENT: no such file or directory, open '/home/ronit/.config/waybar/waybar-mediaplayer/.git/refs/remotes/origin/master'
2024-07-23 14:29:20.349 [info] > git rev-parse refs/remotes/origin/master [1ms]
2024-07-23 14:29:20.358 [info] > git status -z -uall [4ms]
2024-07-23 14:29:20.368 [info] > git for-each-ref --format=%(refname)%00%(upstream:short)%00%(objectname)%00%(upstream:track)%00%(upstream:remotename)%00%(upstream:remoteref) refs/heads/master refs/remotes/master [3ms]
2024-07-23 14:29:20.377 [info] > git config --local branch.master.vscode-merge-base [1ms]
2024-07-23 14:29:20.385 [info] > git for-each-ref --format=%(refname)%00%(upstream:short)%00%(objectname)%00%(upstream:track)%00%(upstream:remotename)%00%(upstream:remoteref) refs/heads/origin/master refs/remotes/origin/master [2ms]
2024-07-23 14:29:23.313 [info] Log level: Info
2024-07-23 14:29:23.313 [info] Validating found git in: "git"
2024-07-23 14:29:23.313 [info] Using git "2.45.2" from "git"
2024-07-23 14:29:23.313 [info] > git rev-parse --show-toplevel [7ms]
2024-07-23 14:29:23.313 [info] fatal: not a git repository (or any of the parent directories): .git
2024-07-23 14:29:34.393 [info] Log level: Info
2024-07-23 14:29:34.393 [info] Validating found git in: "git"
2024-07-23 14:29:34.393 [info] Using git "2.45.2" from "git"
2024-07-23 14:29:34.393 [info] > git rev-parse --show-toplevel [10ms]
2024-07-23 14:29:34.394 [info] fatal: not a git repository (or any of the parent directories): .git
2024-07-23 14:29:34.473 [info] > git rev-parse --show-toplevel [74ms]
2024-07-23 14:29:34.473 [info] fatal: not a git repository (or any of the parent directories): .git
2024-07-23 14:29:34.507 [info] > git rev-parse --show-toplevel [9ms]
2024-07-23 14:29:34.507 [info] fatal: not a git repository (or any of the parent directories): .git
2024-07-23 14:29:34.518 [info] > git rev-parse --show-toplevel [3ms]
2024-07-23 14:29:34.518 [info] fatal: not a git repository (or any of the parent directories): .git
2024-07-23 14:29:34.527 [info] > git rev-parse --show-toplevel [3ms]
2024-07-23 14:29:34.527 [info] fatal: not a git repository (or any of the parent directories): .git
2024-07-23 14:29:34.535 [info] > git rev-parse --show-toplevel [3ms]
2024-07-23 14:29:34.535 [info] fatal: not a git repository (or any of the parent directories): .git
2024-07-23 14:29:34.547 [info] > git rev-parse --show-toplevel [2ms]
2024-07-23 14:29:34.547 [info] fatal: not a git repository (or any of the parent directories): .git
2024-07-23 14:29:34.554 [info] > git rev-parse --show-toplevel [3ms]
2024-07-23 14:29:34.554 [info] fatal: not a git repository (or any of the parent directories): .git
2024-07-23 14:29:34.563 [info] > git rev-parse --show-toplevel [2ms]
2024-07-23 14:29:34.563 [info] fatal: not a git repository (or any of the parent directories): .git
2024-07-23 14:29:34.571 [info] > git rev-parse --show-toplevel [1ms]
2024-07-23 14:29:34.571 [info] fatal: not a git repository (or any of the parent directories): .git
2024-07-23 14:29:34.579 [info] > git rev-parse --show-toplevel [1ms]
2024-07-23 14:29:34.579 [info] fatal: not a git repository (or any of the parent directories): .git
2024-07-23 14:29:34.586 [info] > git rev-parse --show-toplevel [1ms]
2024-07-23 14:29:34.586 [info] fatal: not a git repository (or any of the parent directories): .git
2024-07-23 14:29:34.592 [info] > git rev-parse --show-toplevel [2ms]
2024-07-23 14:29:34.592 [info] fatal: not a git repository (or any of the parent directories): .git
2024-07-23 14:29:34.598 [info] > git rev-parse --show-toplevel [2ms]
2024-07-23 14:29:34.598 [info] fatal: not a git repository (or any of the parent directories): .git
2024-07-23 14:29:35.756 [info] > git rev-parse --show-toplevel [3ms]
2024-07-23 14:29:35.756 [info] fatal: not a git repository (or any of the parent directories): .git
2024-07-23 14:30:33.244 [info] > git rev-parse --show-toplevel [2ms]
2024-07-23 14:30:33.244 [info] fatal: not a git repository (or any of the parent directories): .git
2024-07-23 14:30:48.676 [info] > git rev-parse --show-toplevel [4ms]
2024-07-23 14:30:48.676 [info] fatal: not a git repository (or any of the parent directories): .git
