2024-07-23 10:28:37.854 [info] Added views:workbench.panel.markers.view in workbench.panel.markers
2024-07-23 10:28:37.854 [info] Added views:workbench.panel.output in workbench.panel.output
2024-07-23 10:28:37.854 [info] Added views:terminal in terminal
2024-07-23 10:28:37.854 [info] Added views:outline in workbench.view.explorer
2024-07-23 10:28:37.854 [info] Added views:workbench.scm in workbench.view.scm
2024-07-23 10:28:37.855 [info] Added views:workbench.view.search in workbench.view.search
2024-07-23 10:28:37.855 [info] Added views:timeline in workbench.view.explorer
2024-07-23 10:28:37.855 [info] Added views:workbench.explorer.emptyView in workbench.view.explorer
2024-07-23 10:28:38.634 [info] Added views:workbench.debug.welcome in workbench.view.debug
2024-07-23 10:28:38.688 [info] Added views:workbench.panel.repl.view in workbench.panel.repl
2024-07-23 10:28:38.976 [info] Added views:~remote.forwardedPorts in ~remote.forwardedPortsContainer
2024-07-23 10:28:50.147 [info] Added views:workbench.views.extensions.installed,workbench.views.extensions.popular,extensions.recommendedList in workbench.view.extensions
2024-07-23 10:28:50.151 [info] Removed views:workbench.views.extensions.popular from workbench.view.extensions
2024-07-23 10:28:50.320 [info] Added views:workbench.views.extensions.popular in workbench.view.extensions
2024-07-23 10:33:39.133 [info] Removed views:extensions.recommendedList,workbench.views.extensions.popular,workbench.views.extensions.installed from workbench.view.extensions
2024-07-23 10:33:39.143 [info] Added views:workbench.views.extensions.marketplace in workbench.view.extensions
2024-07-23 10:37:49.441 [info] Removed views:workbench.views.extensions.marketplace from workbench.view.extensions
2024-07-23 10:37:49.455 [info] Added views:workbench.views.extensions.installed,workbench.views.extensions.popular,extensions.recommendedList in workbench.view.extensions
2024-07-23 10:38:18.900 [info] Added views:workbench.panel.markers.view in workbench.panel.markers
2024-07-23 10:38:18.900 [info] Added views:workbench.panel.output in workbench.panel.output
2024-07-23 10:38:18.900 [info] Added views:terminal in terminal
2024-07-23 10:38:18.900 [info] Added views:outline in workbench.view.explorer
2024-07-23 10:38:18.900 [info] Added views:workbench.scm in workbench.view.scm
2024-07-23 10:38:18.900 [info] Added views:workbench.view.search in workbench.view.search
2024-07-23 10:38:18.900 [info] Added views:timeline in workbench.view.explorer
2024-07-23 10:38:18.900 [info] Added views:workbench.explorer.fileView in workbench.view.explorer
2024-07-23 10:38:19.594 [info] Added views:workbench.debug.variablesView,workbench.debug.watchExpressionsView,workbench.debug.callStackView,workbench.debug.breakPointsView in workbench.view.debug
2024-07-23 10:38:19.634 [info] Added views:workbench.panel.repl.view in workbench.panel.repl
2024-07-23 10:38:19.636 [info] Removed views:workbench.debug.breakPointsView,workbench.debug.callStackView,workbench.debug.watchExpressionsView,workbench.debug.variablesView from workbench.view.debug
2024-07-23 10:38:19.636 [info] Added views:workbench.debug.welcome in workbench.view.debug
2024-07-23 10:38:19.933 [info] Added views:~remote.forwardedPorts in ~remote.forwardedPortsContainer
2024-07-23 10:39:03.402 [info] Added views:workbench.debug.breakPointsView in workbench.view.debug
